
test_001
Traceback (most recent call last):
  File "D:\xiong\hello_world\auto_app\cases\test_clock_in.py", line 41, in test_001
    self.driver.find_element_by_id('hxqc.com.business:id').click()
  File "D:\xiong\python\lib\site-packages\selenium\webdriver\remote\webdriver.py", line 360, in find_element_by_id
    return self.find_element(by=By.ID, value=id_)
  File "D:\xiong\python\lib\site-packages\appium\webdriver\webdriver.py", line 279, in find_element
    return self.execute(RemoteCommand.FIND_ELEMENT, {
  File "D:\xiong\python\lib\site-packages\selenium\webdriver\remote\webdriver.py", line 321, in execute
    self.error_handler.check_response(response)
  File "D:\xiong\python\lib\site-packages\appium\webdriver\errorhandler.py", line 31, in check_response
    raise wde
  File "D:\xiong\python\lib\site-packages\appium\webdriver\errorhandler.py", line 26, in check_response
    super().check_response(response)
  File "D:\xiong\python\lib\site-packages\selenium\webdriver\remote\errorhandler.py", line 242, in check_response
    raise exception_class(message, screen, stacktrace)
selenium.common.exceptions.NoSuchElementException: Message: An element could not be located on the page using the given search parameters.

